# JRE version: OpenJDK Runtime Environment (7.0_75-b13) (build 1.7.0_75-b13)
# Java VM: OpenJDK 64-Bit Server VM (24.75-b04 mixed mode linux-amd64 compressed oops)
Heap
 PSYoungGen      total 2510336K, used 2240802K [0x0000000755500000, 0x00000007fe580000, 0x0000000800000000)
  eden space 2244608K, 99% used [0x0000000755500000,0x00000007de1488d8,0x00000007de500000)
  from space 265728K, 0% used [0x00000007ee000000,0x00000007ee000000,0x00000007fe380000)
  to   space 257024K, 0% used [0x00000007de500000,0x00000007de500000,0x00000007ee000000)
 ParOldGen       total 5592064K, used 5591999K [0x0000000600000000, 0x0000000755500000, 0x0000000755500000)
  object space 5592064K, 99% used [0x0000000600000000,0x00000007554efd78,0x0000000755500000)
 PSPermGen       total 21504K, used 4902K [0x00000005f5a00000, 0x00000005f6f00000, 0x0000000600000000)
  object space 21504K, 22% used [0x00000005f5a00000,0x00000005f5ec9800,0x00000005f6f00000)
GC Heap History (10 events):
Event: 625.417 GC heap before
{Heap before GC invocations=347 (full 301):
 PSYoungGen      total 2510336K, used 2243539K [0x0000000755500000, 0x00000007fe580000, 0x0000000800000000)
  eden space 2244608K, 99% used [0x0000000755500000,0x00000007de3f4da8,0x00000007de500000)
  from space 265728K, 0% used [0x00000007ee000000,0x00000007ee000000,0x00000007fe380000)
  to   space 257024K, 0% used [0x00000007de500000,0x00000007de500000,0x00000007ee000000)
 ParOldGen       total 5592064K, used 5591999K [0x0000000600000000, 0x0000000755500000, 0x0000000755500000)
  object space 5592064K, 99% used [0x0000000600000000,0x00000007554efd78,0x0000000755500000)
 PSPermGen       total 21504K, used 4902K [0x00000005f5a00000, 0x00000005f6f00000, 0x0000000600000000)
  object space 21504K, 22% used [0x00000005f5a00000,0x00000005f5ec9800,0x00000005f6f00000)
Event: 626.070 GC heap after
Heap after GC invocations=347 (full 301):
 PSYoungGen      total 2510336K, used 2189516K [0x0000000755500000, 0x00000007fe580000, 0x0000000800000000)
  eden space 2244608K, 97% used [0x0000000755500000,0x00000007daf33238,0x00000007de500000)
  from space 265728K, 0% used [0x00000007ee000000,0x00000007ee000000,0x00000007fe380000)
  to   space 257024K, 0% used [0x00000007de500000,0x00000007de500000,0x00000007ee000000)
 ParOldGen       total 5592064K, used 5591999K [0x0000000600000000, 0x0000000755500000, 0x0000000755500000)
  object space 5592064K, 99% used [0x0000000600000000,0x00000007554efd78,0x0000000755500000)
 PSPermGen       total 21504K, used 4902K [0x00000005f5a00000, 0x00000005f6f00000, 0x0000000600000000)
  object space 21504K, 22% used [0x00000005f5a00000,0x00000005f5ec9800,0x00000005f6f00000)
}
Event: 626.808 GC heap before
{Heap before GC invocations=348 (full 302):
 PSYoungGen      total 2510336K, used 2243539K [0x0000000755500000, 0x00000007fe580000, 0x0000000800000000)
  eden space 2244608K, 99% used [0x0000000755500000,0x00000007de3f4da8,0x00000007de500000)
  from space 265728K, 0% used [0x00000007ee000000,0x00000007ee000000,0x00000007fe380000)
  to   space 257024K, 0% used [0x00000007de500000,0x00000007de500000,0x00000007ee000000)
 ParOldGen       total 5592064K, used 5591999K [0x0000000600000000, 0x0000000755500000, 0x0000000755500000)
  object space 5592064K, 99% used [0x0000000600000000,0x00000007554efd78,0x0000000755500000)
 PSPermGen       total 21504K, used 4902K [0x00000005f5a00000, 0x00000005f6f00000, 0x0000000600000000)
  object space 21504K, 22% used [0x00000005f5a00000,0x00000005f5ec9800,0x00000005f6f00000)
Event: 627.464 GC heap after
Heap after GC invocations=348 (full 302):
 PSYoungGen      total 2510336K, used 2189516K [0x0000000755500000, 0x00000007fe580000, 0x0000000800000000)
  eden space 2244608K, 97% used [0x0000000755500000,0x00000007daf33238,0x00000007de500000)
  from space 265728K, 0% used [0x00000007ee000000,0x00000007ee000000,0x00000007fe380000)
  to   space 257024K, 0% used [0x00000007de500000,0x00000007de500000,0x00000007ee000000)
 ParOldGen       total 5592064K, used 5591999K [0x0000000600000000, 0x0000000755500000, 0x0000000755500000)
  object space 5592064K, 99% used [0x0000000600000000,0x00000007554efd78,0x0000000755500000)
 PSPermGen       total 21504K, used 4902K [0x00000005f5a00000, 0x00000005f6f00000, 0x0000000600000000)
  object space 21504K, 22% used [0x00000005f5a00000,0x00000005f5ec9800,0x00000005f6f00000)
}
Event: 628.467 GC heap before
{Heap before GC invocations=349 (full 303):
 PSYoungGen      total 2510336K, used 2242598K [0x0000000755500000, 0x00000007fe580000, 0x0000000800000000)
  eden space 2244608K, 99% used [0x0000000755500000,0x00000007de309840,0x00000007de500000)
  from space 265728K, 0% used [0x00000007ee000000,0x00000007ee000000,0x00000007fe380000)
  to   space 257024K, 0% used [0x00000007de500000,0x00000007de500000,0x00000007ee000000)
 ParOldGen       total 5592064K, used 5591999K [0x0000000600000000, 0x0000000755500000, 0x0000000755500000)
  object space 5592064K, 99% used [0x0000000600000000,0x00000007554efd78,0x0000000755500000)
 PSPermGen       total 21504K, used 4902K [0x00000005f5a00000, 0x00000005f6f00000, 0x0000000600000000)
  object space 21504K, 22% used [0x00000005f5a00000,0x00000005f5ec9800,0x00000005f6f00000)
Event: 629.181 GC heap after
Heap after GC invocations=349 (full 303):
 PSYoungGen      total 2510336K, used 2203289K [0x0000000755500000, 0x00000007fe580000, 0x0000000800000000)
  eden space 2244608K, 98% used [0x0000000755500000,0x00000007dbca6418,0x00000007de500000)
  from space 265728K, 0% used [0x00000007ee000000,0x00000007ee000000,0x00000007fe380000)
  to   space 257024K, 0% used [0x00000007de500000,0x00000007de500000,0x00000007ee000000)
 ParOldGen       total 5592064K, used 5591999K [0x0000000600000000, 0x0000000755500000, 0x0000000755500000)
  object space 5592064K, 99% used [0x0000000600000000,0x00000007554efd78,0x0000000755500000)
 PSPermGen       total 21504K, used 4902K [0x00000005f5a00000, 0x00000005f6f00000, 0x0000000600000000)
  object space 21504K, 22% used [0x00000005f5a00000,0x00000005f5ec9800,0x00000005f6f00000)
}
Event: 629.953 GC heap before
{Heap before GC invocations=350 (full 304):
 PSYoungGen      total 2510336K, used 2243537K [0x0000000755500000, 0x00000007fe580000, 0x0000000800000000)
  eden space 2244608K, 99% used [0x0000000755500000,0x00000007de3f4578,0x00000007de500000)
  from space 265728K, 0% used [0x00000007ee000000,0x00000007ee000000,0x00000007fe380000)
  to   space 257024K, 0% used [0x00000007de500000,0x00000007de500000,0x00000007ee000000)
 ParOldGen       total 5592064K, used 5591999K [0x0000000600000000, 0x0000000755500000, 0x0000000755500000)
  object space 5592064K, 99% used [0x0000000600000000,0x00000007554efd78,0x0000000755500000)
 PSPermGen       total 21504K, used 4902K [0x00000005f5a00000, 0x00000005f6f00000, 0x0000000600000000)
  object space 21504K, 22% used [0x00000005f5a00000,0x00000005f5ec9800,0x00000005f6f00000)
Event: 630.683 GC heap after
Heap after GC invocations=350 (full 304):
 PSYoungGen      total 2510336K, used 2189516K [0x0000000755500000, 0x00000007fe580000, 0x0000000800000000)
  eden space 2244608K, 97% used [0x0000000755500000,0x00000007daf33238,0x00000007de500000)
  from space 265728K, 0% used [0x00000007ee000000,0x00000007ee000000,0x00000007fe380000)
  to   space 257024K, 0% used [0x00000007de500000,0x00000007de500000,0x00000007ee000000)
 ParOldGen       total 5592064K, used 5591999K [0x0000000600000000, 0x0000000755500000, 0x0000000755500000)
  object space 5592064K, 99% used [0x0000000600000000,0x00000007554efd78,0x0000000755500000)
 PSPermGen       total 21504K, used 4902K [0x00000005f5a00000, 0x00000005f6f00000, 0x0000000600000000)
  object space 21504K, 22% used [0x00000005f5a00000,0x00000005f5ec9800,0x00000005f6f00000)
}
Event: 1361.249 GC heap before
{Heap before GC invocations=351 (full 305):
 PSYoungGen      total 2510336K, used 2243903K [0x0000000755500000, 0x00000007fe580000, 0x0000000800000000)
  eden space 2244608K, 99% used [0x0000000755500000,0x00000007de44fc68,0x00000007de500000)
  from space 265728K, 0% used [0x00000007ee000000,0x00000007ee000000,0x00000007fe380000)
  to   space 257024K, 0% used [0x00000007de500000,0x00000007de500000,0x00000007ee000000)
 ParOldGen       total 5592064K, used 5591999K [0x0000000600000000, 0x0000000755500000, 0x0000000755500000)
  object space 5592064K, 99% used [0x0000000600000000,0x00000007554efd78,0x0000000755500000)
 PSPermGen       total 21504K, used 4902K [0x00000005f5a00000, 0x00000005f6f00000, 0x0000000600000000)
  object space 21504K, 22% used [0x00000005f5a00000,0x00000005f5ec9800,0x00000005f6f00000)
Event: 1997.211 GC heap after
Heap after GC invocations=351 (full 305):
 PSYoungGen      total 2510336K, used 2211049K [0x0000000755500000, 0x00000007fe580000, 0x0000000800000000)
  eden space 2244608K, 98% used [0x0000000755500000,0x00000007dc43a698,0x00000007de500000)
  from space 265728K, 0% used [0x00000007ee000000,0x00000007ee000000,0x00000007fe380000)
  to   space 257024K, 0% used [0x00000007de500000,0x00000007de500000,0x00000007ee000000)
 ParOldGen       total 5592064K, used 5591999K [0x0000000600000000, 0x0000000755500000, 0x0000000755500000)
  object space 5592064K, 99% used [0x0000000600000000,0x00000007554efd78,0x0000000755500000)
 PSPermGen       total 21504K, used 4902K [0x00000005f5a00000, 0x00000005f6f00000, 0x0000000600000000)
  object space 21504K, 22% used [0x00000005f5a00000,0x00000005f5ec9800,0x00000005f6f00000)
}

